<?xml version="1.0" encoding="UTF-8"?>
<!-- Generated by org.testng.reporters.JUnitReportReporter -->
<testsuite hostname="LIN66011991" failures="0" tests="1" name="testCases.TC001_AccountRegistrationTest" time="3.474" errors="0" timestamp="2024-09-23T15:16:27 IST" skipped="0">
  <testcase classname="testCases.TC001_AccountRegistrationTest" name="verify_account_registration" time="3.474"/>
  <system-out/>
</testsuite> <!-- testCases.TC001_AccountRegistrationTest -->
