<?xml version="1.0" encoding="UTF-8"?>
<!-- Generated by org.testng.reporters.JUnitReportReporter -->
<testsuite hostname="LIN66011991" failures="0" tests="1" name="testCases.TC002_LoginTest" time="2.158" errors="0" timestamp="2024-09-24T18:15:22 IST" skipped="0">
  <testcase classname="testCases.TC002_LoginTest" name="verify_login" time="2.158"/>
</testsuite> <!-- testCases.TC002_LoginTest -->
